<?xml version="1.0" encoding="UTF-8" standalone="no"?>
<testsuite failures="0" name="cucumber.runtime.formatter.JUnitFormatter" skipped="0" tests="1" time="17.568543">
<testcase classname="Facebook login  Action Feature" name="Facebook login Test Scenario" time="17.568543">
<system-out><![CDATA[Given user should enter the url.............................................passed
When title of the page is facebook..........................................passed
Then user should enter "  jayeshkani25@gmail.com  " and "$XSM7#@25".........passed
Then user should click on login button......................................passed
]]></system-out>
</testcase>
</testsuite>
